Arguments: 
  C:\Program Files\nodejs\node.exe C:\Users\jpkab\AppData\Roaming\npm\node_modules\yarn\bin\yarn.js install

PATH: 
  C:\Program Files\Git\mingw64\bin;C:\Program Files\Git\usr\bin;C:\Users\jpkab\bin;C:\Program Files (x86)\Falcon\MinGW\bin;C:\Python38\Scripts;C:\Python38;C:\Program Files (x86)\Common Files\Oracle\Java\javapath;C:\ProgramData\Oracle\Java\javapath;C:\WINDOWS\system32;C:\WINDOWS;C:\WINDOWS\System32\Wbem;C:\WINDOWS\System32\WindowsPowerShell\v1.0;C:\WINDOWS\System32\OpenSSH;C:\Program Files\Microsoft SQL Server\130\Tools\Binn;C:\Program Files\Microsoft SQL Server\Client SDK\ODBC\170\Tools\Binn;C:\ProgramData\chocolatey\bin;C:\Program Files (x86)\Yarn\bin;C:\Program Files (x86)\Intel\Intel(R) Management Engine Components\DAL;C:\Program Files\Intel\Intel(R) Management Engine Components\DAL;C:\Program Files (x86)\Microsoft SQL Server\150\DTS\Binn;C:\Program Files\Microsoft SQL Server\Client SDK\ODBC\130\Tools\Binn;C:\Program Files (x86)\Microsoft SQL Server\140\Tools\Binn;C:\Program Files\Microsoft SQL Server\140\Tools\Binn;C:\Program Files\Microsoft SQL Server\140\DTS\Binn;C:\Program Files\Git\cmd;C:\Program Files\dotnet;C:\Users\jpkab\AppData\Roaming\nvm;C:\Program Files\nodejs;C:\Program Files\Intel\WiFi\bin;C:\Program Files\Common Files\Intel\WirelessCommon;C:\Program Files (x86)\dotnet;C:\Program Files\MySQL\MySQL Shell 8.0\bin;C:\Users\jpkab\AppData\Local\Programs\Python\Python38-32\Scripts;C:\Users\jpkab\AppData\Local\Programs\Python\Python38-32;C:\Users\jpkab\AppData\Local\Microsoft\WindowsApps;C:\Users\jpkab\AppData\Local\Programs\Microsoft VS Code\bin;C:\Users\jpkab\AppData\Local\hyper\app-3.0.2\resources\bin;C:\Users\jpkab\AppData\Local\Yarn\bin;C:\Users\jpkab\AppData\Roaming\npm;C:\Users\jpkab\.dotnet\tools;C:\Users\jpkab\AppData\Roaming\nvm;C:\Program Files\nodejs;C:\Users\jpkab\.dotnet\tools;C:\Users\jpkab\AppData\Local\Microsoft\WindowsApps

Yarn version: 
  1.22.4

Node version: 
  16.0.0

Platform: 
  win32 x64

Trace: 
  SyntaxError: C:\Users\jpkab\AppData\Local\Yarn\Cache\v6\npm-component-emitter-1.3.0-16e4070fba8ae29b679f2215853ee181ab2eabc0-integrity\node_modules\component-emitter\.yarn-metadata.json: Unexpected end of JSON input
      at JSON.parse (<anonymous>)
      at C:\Users\jpkab\AppData\Roaming\npm\node_modules\yarn\lib\cli.js:1625:59
      at Generator.next (<anonymous>)
      at step (C:\Users\jpkab\AppData\Roaming\npm\node_modules\yarn\lib\cli.js:310:30)
      at C:\Users\jpkab\AppData\Roaming\npm\node_modules\yarn\lib\cli.js:321:13

npm manifest: 
  {
    "main": "node_modules/expo/AppEntry.js",
    "scripts": {
      "start": "expo start",
      "android": "expo start --android",
      "ios": "expo start --ios",
      "web": "expo start --web",
      "eject": "expo eject"
    },
    "dependencies": {
      "expo": "~41.0.1",
      "expo-status-bar": "~1.0.4",
      "react": "16.13.1",
      "react-dom": "16.13.1",
      "react-native": "https://github.com/expo/react-native/archive/sdk-41.0.0.tar.gz",
      "react-native-web": "~0.13.12"
    },
    "devDependencies": {
      "@babel/core": "^7.9.0"
    },
    "private": true
  }

yarn manifest: 
  No manifest

Lockfile: 
  No lockfile
